accessing: /
accessing: /js/vendor/satnav.js
accessing: /noddityConfig.js
accessing: /style.css
accessing: /js/build.js
accessing: /fonts.css
accessing: /js/build.js
accessing: /logo.png
accessing: /icon/favicon-32x32.png
accessing: /icon/favicon-16x16.png
accessing: /icon/favicon-32x32.png
accessing: /
accessing: /fonts.css
accessing: /js/build.js
accessing: /noddityConfig.js
accessing: /style.css
accessing: /js/vendor/satnav.js
accessing: /js/build.js
accessing: /logo.png
accessing: /icon/favicon-32x32.png
accessing: /icon/favicon-16x16.png
accessing: /style.css
accessing: /fonts.css
accessing: /noddityConfig.js
accessing: /
accessing: /js/vendor/satnav.js
accessing: /js/build.js
accessing: /logo.png
accessing: /icon/favicon-32x32.png
accessing: /noddityConfig.js
accessing: /js/build.js
accessing: /fonts.css
accessing: /style.css
accessing: /js/build.js
accessing: /js/vendor/satnav.js
accessing: /icon/favicon-16x16.png
accessing: /logo.png
accessing: /icon/favicon-16x16.png
accessing: /icon/favicon-32x32.png
accessing: /js/build.js
accessing: /js/build.js
accessing: /js/vendor/satnav.js
accessing: /noddityConfig.js
accessing: /style.css
accessing: /fonts.css
accessing: /logo.png
accessing: /icon/favicon-32x32.png
accessing: /js/build.js
accessing: /js/build.js
accessing: /js/vendor/satnav.js
accessing: /noddityConfig.js
accessing: /style.css
accessing: /fonts.css
accessing: /content/index.json
accessing: /content/index.json
accessing: /content/index.md
accessing: /
accessing: /icon/favicon-16x16.png
accessing: /content/index.json
accessing: /icon/favicon-32x32.png
accessing: /logo.png
accessing: /content/index.json
accessing: /content/index.json
accessing: /content/index.json
accessing: /content/index.json
accessing: /content/index.json
accessing: /content/index.json
accessing: /
accessing: /fonts.css
accessing: /style.css
accessing: /noddityConfig.js
accessing: /js/vendor/satnav.js
accessing: /js/build.js
accessing: /icon/apple-touch-icon-57x57.png
accessing: /icon/favicon-32x32.png
accessing: /content/index.json
accessing: /content/index.json
accessing: /content/index.json
accessing: /content/index.json
accessing: /content/index.json
accessing: /content/index.json
accessing: /content/index.json
accessing: /content/index.json
accessing: /content/index.json
accessing: /content/index.json
accessing: /content/index.json
accessing: /content/index.json
accessing: /content/index.json
accessing: /content/index.json
accessing: /content/index.json
accessing: /
accessing: /content/index.json
accessing: /content/index.json
accessing: /content/index.json
accessing: /content/index.json
accessing: /content/index.json
accessing: /content/index.json
accessing: /content/index.json
accessing: /content/index.json
accessing: /content/index.json
accessing: /content/index.json
accessing: /content/index.json
accessing: /robots.txt
accessing: /
accessing: /content/index.json
accessing: /content/index.json
accessing: /js/build.js
accessing: /noddityConfig.js
accessing: /fonts.css
accessing: /js/vendor/satnav.js
accessing: /style.css
accessing: /content/index.md
accessing: /content/index.json
accessing: /content/index.json
accessing: /content/index.json
accessing: /content/index.json
accessing: /content/index.json
accessing: /content/index.json
accessing: /content/index.json
accessing: http://6.url.cn/zc/chs/img/body.png
accessing: /
accessing: /
accessing: /
accessing: http://www.sign4x.com/
accessing: /
accessing: /noddityConfig.js
accessing: /style.css
accessing: /js/build.js
accessing: /js/vendor/satnav.js
accessing: /fonts.css
accessing: /logo.png
accessing: /content/index.json
accessing: /content/index.md
accessing: /icon/favicon-32x32.png
accessing: /content/index.md
accessing: /content/index.json
accessing: /content/index.json
accessing: /content/index.json
accessing: /content/index.json
accessing: /content/index.json
accessing: /content/index.json
accessing: /content/index.json
accessing: /
accessing: /fonts.css
accessing: /style.css
accessing: /noddityConfig.js
accessing: /js/vendor/satnav.js
accessing: /js/build.js
accessing: /logo.png
accessing: /icon/favicon-32x32.png
accessing: /icon/favicon-16x16.png
accessing: /content/index.json
accessing: /
accessing: /style.css
accessing: /fonts.css
accessing: /noddityConfig.js
accessing: /js/vendor/satnav.js
accessing: /js/build.js
accessing: /logo.png
accessing: /icon/favicon-32x32.png
accessing: /icon/favicon-16x16.png
accessing: /
accessing: /fonts.css
accessing: /style.css
accessing: /js/vendor/satnav.js
accessing: /js/build.js
accessing: /noddityConfig.js
accessing: /logo.png
accessing: /content/index.json
accessing: /content/index.md
accessing: /icon/favicon-32x32.png
accessing: /fonts.css
accessing: /logo.png
accessing: /icon/favicon-32x32.png
accessing: /style.css
accessing: /js/build.js
accessing: /js/vendor/satnav.js
accessing: /
accessing: /icon/favicon-16x16.png
accessing: /noddityConfig.js
accessing: /icon/favicon-32x32.png
accessing: /style.css
accessing: /fonts.css
accessing: /js/vendor/satnav.js
accessing: /
accessing: /js/build.js
accessing: /noddityConfig.js
accessing: /logo.png
accessing: /js/build.js
accessing: /icon/favicon-32x32.png
accessing: /icon/favicon-16x16.png
accessing: /js/vendor/satnav.js
accessing: /noddityConfig.js
accessing: /fonts.css
accessing: /style.css
accessing: /
accessing: /content/index.json
accessing: /content/index.md
accessing: /
accessing: /fonts.css
accessing: /style.css
accessing: /noddityConfig.js
accessing: /js/vendor/satnav.js
accessing: /js/build.js
accessing: /logo.png
accessing: /icon/favicon-32x32.png
accessing: /
accessing: /js/vendor/satnav.js
accessing: /style.css
accessing: /noddityConfig.js
accessing: /js/build.js
accessing: /fonts.css
accessing: /logo.png
accessing: /icon/favicon-32x32.png
accessing: /icon/favicon-16x16.png
accessing: /fonts.css
accessing: /style.css
accessing: /
accessing: /noddityConfig.js
accessing: /js/vendor/satnav.js
accessing: /js/build.js
accessing: /fonts.css
accessing: /style.css
accessing: /logo.png
accessing: /content/index.md
accessing: /icon/favicon-32x32.png
accessing: /icon/favicon-16x16.png
accessing: /logo.png
accessing: /logo.png
accessing: /content/index.json
accessing: /
accessing: /fonts.css
accessing: /style.css
accessing: /js/vendor/satnav.js
accessing: /js/build.js
accessing: /noddityConfig.js
accessing: /logo.png
accessing: /icon/favicon-32x32.png
accessing: /icon/favicon-16x16.png
accessing: /content/index.json
accessing: /
accessing: /fonts.css
accessing: /js/vendor/satnav.js
accessing: /js/build.js
accessing: /style.css
accessing: /noddityConfig.js
accessing: /logo.png
accessing: /icon/favicon-32x32.png
accessing: /icon/favicon-16x16.png
accessing: /
accessing: /fonts.css
accessing: /js/vendor/satnav.js
accessing: /noddityConfig.js
accessing: /js/build.js
accessing: /style.css
accessing: /logo.png
accessing: /icon/favicon-32x32.png
accessing: /icon/favicon-16x16.png
accessing: /robots.txt
accessing: /
accessing: /content/index.json
accessing: /
accessing: /js/vendor/satnav.js
accessing: /style.css
accessing: /fonts.css
accessing: /noddityConfig.js
accessing: /js/build.js
accessing: /logo.png
accessing: /icon/favicon-32x32.png
accessing: /icon/favicon-16x16.png
accessing: /
accessing: /style.css
accessing: /js/vendor/satnav.js
accessing: /fonts.css
accessing: /js/build.js
accessing: /noddityConfig.js
accessing: /logo.png
accessing: /icon/favicon-32x32.png
accessing: /icon/favicon-16x16.png
accessing: /content/index.json
accessing: /content/index.json
accessing: /fonts.css
accessing: /style.css
accessing: /content/index.json
accessing: /
accessing: /fonts.css
accessing: /style.css
accessing: /noddityConfig.js
accessing: /js/build.js
accessing: /js/vendor/satnav.js
accessing: /logo.png
accessing: /icon/favicon-32x32.png
accessing: /icon/favicon-16x16.png
accessing: /style.css
accessing: /fonts.css
accessing: /content/index.json
accessing: /content/index.json
accessing: /
accessing: /fonts.css
accessing: /style.css
accessing: /js/build.js
accessing: /js/vendor/satnav.js
accessing: /noddityConfig.js
accessing: /logo.png
accessing: /icon/favicon-32x32.png
accessing: /icon/favicon-16x16.png
accessing: /icon/favicon-32x32.png
accessing: /content/index.json
accessing: /content/index.json
accessing: /content/index.json
accessing: /tmUnblock.cgi
accessing: /
accessing: /style.css
accessing: /fonts.css
accessing: /noddityConfig.js
accessing: /js/vendor/satnav.js
accessing: /js/build.js
accessing: /logo.png
accessing: /icon/favicon-32x32.png
accessing: /content/index.json
accessing: /style.css
accessing: /fonts.css
accessing: http://www.mafengwo.com/
accessing: /
accessing: /fonts.css
accessing: /style.css
accessing: /noddityConfig.js
accessing: /js/vendor/satnav.js
accessing: /js/build.js
accessing: /images/logo.png
accessing: /content/index.json
accessing: /content/resume.md
accessing: /icon/favicon-16.png
accessing: /fonts.css
accessing: /style.css
accessing: /images/logo.png
accessing: /icon/favicon-16.png
accessing: /content/resume.md
accessing: /
accessing: /style.css
accessing: /js/vendor/satnav.js
accessing: /noddityConfig.js
accessing: /fonts.css
accessing: /js/build.js
accessing: /images/logo.png
accessing: /content/index.json
accessing: /content/index.md
accessing: /icon/favicon-16.png
accessing: /content/resume.md
accessing: /images/GitHubIcon.png
accessing: /images/TwitterIcon.png
accessing: /images/NpmIcon.png
accessing: /images/YouTubeIcon.png
accessing: /content/bad
accessing: /content/404.md
accessing: /
accessing: /fonts.css
accessing: /noddityConfig.js
accessing: /style.css
accessing: /js/vendor/satnav.js
accessing: /js/build.js
accessing: /images/logo.png
accessing: /images/GitHubIcon.png
accessing: /images/NpmIcon.png
accessing: /images/TwitterIcon.png
accessing: /images/YouTubeIcon.png
accessing: /content/404.md
accessing: /content/bad
accessing: /images/GitHubIcon.png
accessing: /images/YouTubeIcon.png
accessing: /images/NpmIcon.png
accessing: /images/TwitterIcon.png
accessing: /
accessing: /js/vendor/satnav.js
accessing: /style.css
accessing: /fonts.css
accessing: /js/build.js
accessing: /noddityConfig.js
accessing: /images/logo.png
accessing: /images/TwitterIcon.png
accessing: /images/GitHubIcon.png
accessing: /images/YouTubeIcon.png
accessing: /images/NpmIcon.png
accessing: /content/index.json
accessing: /images/YouTubeIcon.png
accessing: /images/NpmIcon.png
accessing: /icon/favicon-16.png
accessing: /images/GitHubIcon.png
accessing: /images/TwitterIcon.png
accessing: /images/logo.png
accessing: /content/resume.md
accessing: /
accessing: /style.css
accessing: /js/vendor/satnav.js
accessing: /noddityConfig.js
accessing: /js/build.js
accessing: /fonts.css
accessing: /images/logo.png
accessing: /images/GitHubIcon.png
accessing: /images/NpmIcon.png
accessing: /images/YouTubeIcon.png
accessing: /images/TwitterIcon.png
accessing: /content/index.json
accessing: /
accessing: /fonts.css
accessing: /style.css
accessing: /noddityConfig.js
accessing: /js/vendor/satnav.js
accessing: /js/build.js
accessing: /images/logo.png
accessing: /content/index.json
accessing: /content/index.md
accessing: /images/GitHubIcon.png
accessing: /images/TwitterIcon.png
accessing: /images/NpmIcon.png
accessing: /images/YouTubeIcon.png
accessing: /content/resume.md
accessing: /icon/favicon-16.png
accessing: /icon/favicon-32.png
accessing: /icon/favicon-64.png
accessing: /icon/favicon-96.png
accessing: /icon/favicon-160.png
accessing: /icon/favicon-196.png
accessing: /icon/favicon.ico
accessing: /icon/favicon-16.png
accessing: /icon/favicon-32.png
accessing: /icon/favicon-64.png
accessing: /icon/favicon-96.png
accessing: /icon/favicon-160.png
accessing: /icon/favicon-196.png
accessing: /icon/favicon-16.png
accessing: /icon/favicon-32.png
accessing: /icon/favicon-64.png
accessing: /icon/favicon-96.png
accessing: /icon/favicon-160.png
accessing: /icon/favicon-196.png
accessing: /icon/favicon-16.png
accessing: /images/GitHubIcon.png
accessing: /images/TwitterIcon.png
accessing: /images/NpmIcon.png
accessing: /images/YouTubeIcon.png
accessing: /icon/favicon-32.png
accessing: /icon/favicon-64.png
accessing: /icon/favicon-96.png
accessing: /icon/favicon-160.png
accessing: /icon/favicon-196.png
accessing: /
accessing: /fonts.css
accessing: /style.css
accessing: /noddityConfig.js
accessing: /js/vendor/satnav.js
accessing: /js/build.js
accessing: /images/logo.png
accessing: /images/GitHubIcon.png
accessing: /images/TwitterIcon.png
accessing: /images/YouTubeIcon.png
accessing: /images/NpmIcon.png
accessing: /icon/favicon-16.png
accessing: /icon/favicon-32.png
accessing: /icon/favicon-64.png
accessing: /icon/favicon-96.png
accessing: /icon/favicon-160.png
accessing: /icon/favicon-196.png
accessing: /images/GitHubIcon.png
accessing: /images/TwitterIcon.png
accessing: /images/YouTubeIcon.png
accessing: /images/NpmIcon.png
accessing: /icon/favicon-16.png
accessing: /icon/favicon-32.png
accessing: /icon/favicon-64.png
accessing: /icon/favicon-96.png
accessing: /icon/favicon-160.png
accessing: /icon/favicon-196.png
accessing: /images/GitHubIcon.png
accessing: /images/NpmIcon.png
accessing: /images/logo.png
accessing: /images/YouTubeIcon.png
accessing: /images/TwitterIcon.png
accessing: /robots.txt
accessing: /
accessing: /tmUnblock.cgi
accessing: /tmUnblock.cgi
accessing: http://www.mafengwo.com/
accessing: /tmUnblock.cgi
accessing: /robots.txt
accessing: /
accessing: http://www.mafengwo.com/
accessing: /manager/html
accessing: /manager/html
accessing: /
accessing: /style.css
accessing: /fonts.css
accessing: /js/vendor/satnav.js
accessing: /noddityConfig.js
accessing: /js/build.js
accessing: /images/logo.png
accessing: /images/GitHubIcon.png
accessing: /images/NpmIcon.png
accessing: /images/TwitterIcon.png
accessing: /images/YouTubeIcon.png
accessing: /content/index.json
accessing: /content/404.md
accessing: /content/index.md
accessing: /content/resume.md
accessing: /content
accessing: /content/
accessing: /favicon.ico
accessing: /lolz
accessing: /
accessing: /fonts.css
accessing: /noddityConfig.js
accessing: /js/vendor/satnav.js
accessing: /js/build.js
accessing: /style.css
accessing: /images/logo.png
accessing: /content/lolz
accessing: /images/YouTubeIcon.png
accessing: /images/NpmIcon.png
accessing: /images/TwitterIcon.png
accessing: /images/GitHubIcon.png
accessing: /content/
accessing: /lolz
accessing: /favicon.ico
accessing: /content
accessing: /content/404.md
accessing: /content/
accessing: /content/lolz
accessing: /content/index.json
accessing: /
accessing: /style.css
accessing: /fonts.css
accessing: /noddityConfig.js
accessing: /js/vendor/satnav.js
accessing: /js/build.js
accessing: /images/logo.png
accessing: /images/GitHubIcon.png
accessing: /images/TwitterIcon.png
accessing: /images/YouTubeIcon.png
accessing: /images/NpmIcon.png
accessing: /
accessing: /style.css
accessing: /noddityConfig.js
accessing: /js/vendor/satnav.js
accessing: /js/build.js
accessing: /fonts.css
accessing: /images/logo.png
accessing: /images/GitHubIcon.png
accessing: /images/TwitterIcon.png
accessing: /images/NpmIcon.png
accessing: /images/YouTubeIcon.png
accessing: /manager/html

events.js:72
        throw er; // Unhandled 'error' event
              ^
Error: listen EADDRINUSE
    at errnoException (net.js:904:11)
    at Server._listen2 (net.js:1042:14)
    at listen (net.js:1064:10)
    at Server.listen (net.js:1138:5)
    at Ploy.listen (/usr/local/lib/node_modules/ploy/index.js:366:14)
    at Object.<anonymous> (/usr/local/lib/node_modules/ploy/bin/cmd.js:226:12)
    at Module._compile (module.js:456:26)
    at Object.Module._extensions..js (module.js:474:10)
    at Module.load (module.js:356:32)
    at Function.Module._load (module.js:312:12)
accessing: /content/index.json

events.js:72
        throw er; // Unhandled 'error' event
              ^
Error: listen EADDRINUSE
    at errnoException (net.js:904:11)
    at Server._listen2 (net.js:1042:14)
    at listen (net.js:1064:10)
    at Server.listen (net.js:1138:5)
    at Ploy.listen (/usr/local/lib/node_modules/ploy/index.js:366:14)
    at Object.<anonymous> (/usr/local/lib/node_modules/ploy/bin/cmd.js:226:12)
    at Module._compile (module.js:456:26)
    at Object.Module._extensions..js (module.js:474:10)
    at Module.load (module.js:356:32)
    at Function.Module._load (module.js:312:12)
